1518259108975	geckodriver	INFO	geckodriver 0.19.0
1518259108984	geckodriver	INFO	Listening on 127.0.0.1:42061
1518259110048	mozrunner::runner	INFO	Running command: "/usr/bin/firefox" "-marionette" "-profile" "/tmp/rust_mozprofile.D2Oig4a2Kh4K"
1518259110713	Marionette	INFO	Enabled via --marionette
1518259112609	Marionette	INFO	Listening on port 43171
1518259112684	Marionette	WARN	TLS certificate errors will be ignored for this session
1518259112917	geckodriver	INFO	geckodriver 0.19.0
1518259112927	geckodriver	INFO	Listening on 127.0.0.1:47719
1518259113989	mozrunner::runner	INFO	Running command: "/usr/bin/firefox" "-marionette" "-profile" "/tmp/rust_mozprofile.EfM15Z7h1pzs"
1518259114633	Marionette	INFO	Enabled via --marionette
1518259116497	Marionette	INFO	Listening on port 33661
1518259116534	Marionette	WARN	TLS certificate errors will be ignored for this session
[Child 4832, Chrome_ChildThread] WARNING: pipe error (3): Connection reset by peer: file /build/firefox/src/mozilla-unified/ipc/chromium/src/chrome/common/ipc_channel_posix.cc, line 353
*** UTM:SVC TimerManager:registerTimer called after profile-before-change notification. Ignoring timer registration for id: telemetry_modules_ping
1518259139985	geckodriver	INFO	geckodriver 0.19.0
1518259139993	geckodriver	INFO	Listening on 127.0.0.1:39245
1518259141082	mozrunner::runner	INFO	Running command: "/usr/bin/firefox" "-marionette" "-profile" "/tmp/rust_mozprofile.gBj49TIK9SlH"
1518259141728	Marionette	INFO	Enabled via --marionette
1518259143598	Marionette	INFO	Listening on port 32931
1518259143720	Marionette	WARN	TLS certificate errors will be ignored for this session
1518259143926	geckodriver	INFO	geckodriver 0.19.0
1518259143934	geckodriver	INFO	Listening on 127.0.0.1:40477
1518259144999	mozrunner::runner	INFO	Running command: "/usr/bin/firefox" "-marionette" "-profile" "/tmp/rust_mozprofile.KW5VWZnBKfRU"
1518259145673	Marionette	INFO	Enabled via --marionette
1518259147496	Marionette	INFO	Listening on port 35747
1518259147522	Marionette	WARN	TLS certificate errors will be ignored for this session
*** UTM:SVC TimerManager:registerTimer called after profile-before-change notification. Ignoring timer registration for id: telemetry_modules_ping
1518259498220	geckodriver	INFO	geckodriver 0.19.0
1518259498227	geckodriver	INFO	Listening on 127.0.0.1:60717
1518259499300	mozrunner::runner	INFO	Running command: "/usr/bin/firefox" "-marionette" "-profile" "/tmp/rust_mozprofile.1REU91zAuwwk"
1518259499961	Marionette	INFO	Enabled via --marionette
1518259501815	Marionette	INFO	Listening on port 38339
1518259501917	Marionette	WARN	TLS certificate errors will be ignored for this session
JavaScript error: http://6obcy.com.pl/js/libs/jquery-1.11.2.min.js?bg1, line 2: NS_ERROR_NOT_INITIALIZED: 
*** UTM:SVC TimerManager:registerTimer called after profile-before-change notification. Ignoring timer registration for id: telemetry_modules_ping
1518260367052	geckodriver	INFO	geckodriver 0.19.0
1518260367061	geckodriver	INFO	Listening on 127.0.0.1:53671
1518260368130	mozrunner::runner	INFO	Running command: "/usr/bin/firefox" "-marionette" "-profile" "/tmp/rust_mozprofile.FAFFr74qNFih"
1518260368791	Marionette	INFO	Enabled via --marionette
1518260370686	Marionette	INFO	Listening on port 43487
1518260370758	Marionette	WARN	TLS certificate errors will be ignored for this session
JavaScript error: resource://devtools/client/jsonview/converter-observer.js, line 76: NS_ERROR_NOT_AVAILABLE: Component returned failure code: 0x80040111 (NS_ERROR_NOT_AVAILABLE) [nsIChannel.contentType]
[Child 6027, Chrome_ChildThread] WARNING: pipe error (3): Connection reset by peer: file /build/firefox/src/mozilla-unified/ipc/chromium/src/chrome/common/ipc_channel_posix.cc, line 353

###!!! [Child][MessageChannel] Error: (msgtype=0x520027,name=PNecko::Msg_RemoveRequestContext) Channel closing: too late to send/recv, messages will be lost


###!!! [Child][RunMessage] Error: Channel closing: too late to send/recv, messages will be lost


###!!! [Child][RunMessage] Error: Channel closing: too late to send/recv, messages will be lost

*** UTM:SVC TimerManager:registerTimer called after profile-before-change notification. Ignoring timer registration for id: telemetry_modules_ping
1518260403883	geckodriver	INFO	geckodriver 0.19.0
1518260403889	geckodriver	INFO	Listening on 127.0.0.1:39173
1518260404963	mozrunner::runner	INFO	Running command: "/usr/bin/firefox" "-marionette" "-profile" "/tmp/rust_mozprofile.RAh1aHZ7mc4h"
1518260405606	Marionette	INFO	Enabled via --marionette
1518260407461	Marionette	INFO	Listening on port 37355
1518260407483	Marionette	WARN	TLS certificate errors will be ignored for this session
*** UTM:SVC TimerManager:registerTimer called after profile-before-change notification. Ignoring timer registration for id: telemetry_modules_ping
1518260444282	geckodriver	INFO	geckodriver 0.19.0
1518260444288	geckodriver	INFO	Listening on 127.0.0.1:46707
1518260445362	mozrunner::runner	INFO	Running command: "/usr/bin/firefox" "-marionette" "-profile" "/tmp/rust_mozprofile.q6TfEISRRZ0x"
1518260446018	Marionette	INFO	Enabled via --marionette
1518260447867	Marionette	INFO	Listening on port 32953
1518260447889	Marionette	WARN	TLS certificate errors will be ignored for this session
[Child 6430, Chrome_ChildThread] WARNING: pipe error: Broken pipe: file /build/firefox/src/mozilla-unified/ipc/chromium/src/chrome/common/ipc_channel_posix.cc, line 709
[Child 6430, Chrome_ChildThread] WARNING: pipe error: Broken pipe: file /build/firefox/src/mozilla-unified/ipc/chromium/src/chrome/common/ipc_channel_posix.cc, line 709
[Child 6430, Chrome_ChildThread] WARNING: pipe error: Broken pipe: file /build/firefox/src/mozilla-unified/ipc/chromium/src/chrome/common/ipc_channel_posix.cc, line 709
[Child 6430, Chrome_ChildThread] WARNING: pipe error: Broken pipe: file /build/firefox/src/mozilla-unified/ipc/chromium/src/chrome/common/ipc_channel_posix.cc, line 709
[Child 6430, Chrome_ChildThread] WARNING: pipe error: Broken pipe: file /build/firefox/src/mozilla-unified/ipc/chromium/src/chrome/common/ipc_channel_posix.cc, line 709
[Child 6430, Chrome_ChildThread] WARNING: pipe error: Broken pipe: file /build/firefox/src/mozilla-unified/ipc/chromium/src/chrome/common/ipc_channel_posix.cc, line 709
[Child 6430, Chrome_ChildThread] WARNING: FileDescriptorSet destroyed with unconsumed descriptors: file /build/firefox/src/mozilla-unified/ipc/chromium/src/chrome/common/file_descriptor_set_posix.cc, line 22
[Child 6430, Chrome_ChildThread] WARNING: FileDescriptorSet destroyed with unconsumed descriptors: file /build/firefox/src/mozilla-unified/ipc/chromium/src/chrome/common/file_descriptor_set_posix.cc, line 22
1518260452095	geckodriver	INFO	geckodriver 0.19.0
1518260452101	geckodriver	INFO	Listening on 127.0.0.1:40201
1518260453173	mozrunner::runner	INFO	Running command: "/usr/bin/firefox" "-marionette" "-profile" "/tmp/rust_mozprofile.JqsZ3G4eOB3t"
1518260453827	Marionette	INFO	Enabled via --marionette
1518260455661	Marionette	INFO	Listening on port 37797
1518260455695	Marionette	WARN	TLS certificate errors will be ignored for this session
[Child 6573, Chrome_ChildThread] WARNING: pipe error: Broken pipe: file /build/firefox/src/mozilla-unified/ipc/chromium/src/chrome/common/ipc_channel_posix.cc, line 709
[Child 6573, Chrome_ChildThread] WARNING: pipe error: Broken pipe: file /build/firefox/src/mozilla-unified/ipc/chromium/src/chrome/common/ipc_channel_posix.cc, line 709
[Child 6573, Chrome_ChildThread] WARNING: pipe error: Broken pipe: file /build/firefox/src/mozilla-unified/ipc/chromium/src/chrome/common/ipc_channel_posix.cc, line 709
[Child 6573, Chrome_ChildThread] WARNING: FileDescriptorSet destroyed with unconsumed descriptors: file /build/firefox/src/mozilla-unified/ipc/chromium/src/chrome/common/file_descriptor_set_posix.cc, line 22
1518260491640	geckodriver	INFO	geckodriver 0.19.0
1518260491647	geckodriver	INFO	Listening on 127.0.0.1:38241
1518260492723	mozrunner::runner	INFO	Running command: "/usr/bin/firefox" "-marionette" "-profile" "/tmp/rust_mozprofile.u2ZdAOB6reu0"
1518260493385	Marionette	INFO	Enabled via --marionette
1518260495179	Marionette	INFO	Listening on port 32813
1518260495262	Marionette	WARN	TLS certificate errors will be ignored for this session
*** UTM:SVC TimerManager:registerTimer called after profile-before-change notification. Ignoring timer registration for id: telemetry_modules_ping
1518260530806	geckodriver	INFO	geckodriver 0.19.0
1518260530814	geckodriver	INFO	Listening on 127.0.0.1:51477
1518260531886	mozrunner::runner	INFO	Running command: "/usr/bin/firefox" "-marionette" "-profile" "/tmp/rust_mozprofile.6TeUvF7HXxQZ"
1518260532568	Marionette	INFO	Enabled via --marionette
1518260534367	Marionette	INFO	Listening on port 34077
1518260534437	Marionette	WARN	TLS certificate errors will be ignored for this session
*** UTM:SVC TimerManager:registerTimer called after profile-before-change notification. Ignoring timer registration for id: telemetry_modules_ping
1518260704867	geckodriver	INFO	geckodriver 0.19.0
1518260704873	geckodriver	INFO	Listening on 127.0.0.1:33907
1518260704942	mozrunner::runner	INFO	Running command: "/usr/bin/firefox" "-marionette" "-profile" "/tmp/rust_mozprofile.1iWQafpjblTu"
1518260705588	Marionette	INFO	Enabled via --marionette
1518260707363	Marionette	INFO	Listening on port 35483
1518260707457	Marionette	WARN	TLS certificate errors will be ignored for this session
[Child 7216, Chrome_ChildThread] WARNING: pipe error (3): Connection reset by peer: file /build/firefox/src/mozilla-unified/ipc/chromium/src/chrome/common/ipc_channel_posix.cc, line 353
1518260718988	geckodriver	INFO	geckodriver 0.19.0
1518260718996	geckodriver	INFO	Listening on 127.0.0.1:49819
1518260720061	mozrunner::runner	INFO	Running command: "/usr/bin/firefox" "-marionette" "-profile" "/tmp/rust_mozprofile.CKCpOowonxS7"
1518260720689	Marionette	INFO	Enabled via --marionette
1518260722529	Marionette	INFO	Listening on port 32989
1518260722585	Marionette	WARN	TLS certificate errors will be ignored for this session
[Child 7360, Chrome_ChildThread] WARNING: pipe error: Broken pipe: file /build/firefox/src/mozilla-unified/ipc/chromium/src/chrome/common/ipc_channel_posix.cc, line 709

###!!! [Child][MessageChannel] Error: (msgtype=0xFFF8,name=<unknown IPC msg name>) Channel error: cannot send/recv


###!!! [Child][MessageChannel] Error: (msgtype=0x2C00CC,name=PContent::Msg_BackUpXResources) Channel error: cannot send/recv

[Child 7360, Main Thread] WARNING: FileDescriptorSet destroyed with unconsumed descriptors: file /build/firefox/src/mozilla-unified/ipc/chromium/src/chrome/common/file_descriptor_set_posix.cc, line 22

###!!! [Child][MessageChannel] Error: (msgtype=0xFFFB,name=SHMEM_CREATED_MESSAGE) Channel error: cannot send/recv

[Child 7360, Main Thread] WARNING: FileDescriptorSet destroyed with unconsumed descriptors: file /build/firefox/src/mozilla-unified/ipc/chromium/src/chrome/common/file_descriptor_set_posix.cc, line 22

###!!! [Child][MessageChannel] Error: (msgtype=0x2C0073,name=PContent::Msg_InitCrashReporter) Channel error: cannot send/recv


###!!! [Child][MessageChannel] Error: (msgtype=0x2C007D,name=PContent::Msg_PPrintingConstructor) Channel error: cannot send/recv

IPDL protocol error: constructor for actor failed
1518260747773	geckodriver	INFO	geckodriver 0.19.0
1518260747781	geckodriver	INFO	Listening on 127.0.0.1:53689
1518260748855	mozrunner::runner	INFO	Running command: "/usr/bin/firefox" "-marionette" "-profile" "/tmp/rust_mozprofile.rf8haCeAhRMy"
1518260749481	Marionette	INFO	Enabled via --marionette
1518260751238	Marionette	INFO	Listening on port 45187
1518260751276	Marionette	WARN	TLS certificate errors will be ignored for this session
1518260780595	geckodriver	INFO	geckodriver 0.19.0
1518260780601	geckodriver	INFO	Listening on 127.0.0.1:34877
1518260781669	mozrunner::runner	INFO	Running command: "/usr/bin/firefox" "-marionette" "-profile" "/tmp/rust_mozprofile.UbR7PAVis9Sy"
1518260782298	Marionette	INFO	Enabled via --marionette
1518260784069	Marionette	INFO	Listening on port 33703
1518260784103	Marionette	WARN	TLS certificate errors will be ignored for this session
1518261272428	geckodriver	INFO	geckodriver 0.19.0
1518261272434	geckodriver	INFO	Listening on 127.0.0.1:60135
1518261273502	mozrunner::runner	INFO	Running command: "/usr/bin/firefox" "-marionette" "-profile" "/tmp/rust_mozprofile.I3Q1qYcrwwSY"
1518261274130	Marionette	INFO	Enabled via --marionette
1518261275933	Marionette	INFO	Listening on port 36351
1518261276018	Marionette	WARN	TLS certificate errors will be ignored for this session
[Child 7979, Chrome_ChildThread] WARNING: pipe error (44): Connection reset by peer: file /build/firefox/src/mozilla-unified/ipc/chromium/src/chrome/common/ipc_channel_posix.cc, line 353
[Child 7979, Chrome_ChildThread] WARNING: pipe error (3): Connection reset by peer: file /build/firefox/src/mozilla-unified/ipc/chromium/src/chrome/common/ipc_channel_posix.cc, line 353
1518261282936	geckodriver	INFO	geckodriver 0.19.0
1518261282943	geckodriver	INFO	Listening on 127.0.0.1:44233
1518261284014	mozrunner::runner	INFO	Running command: "/usr/bin/firefox" "-marionette" "-profile" "/tmp/rust_mozprofile.9ucQjBXugd8W"
1518261284643	Marionette	INFO	Enabled via --marionette
1518261286443	Marionette	INFO	Listening on port 34173
1518261286555	Marionette	WARN	TLS certificate errors will be ignored for this session
[Child 8153, Chrome_ChildThread] WARNING: pipe error (3): Connection reset by peer: file /build/firefox/src/mozilla-unified/ipc/chromium/src/chrome/common/ipc_channel_posix.cc, line 353
1518262173365	geckodriver	INFO	geckodriver 0.19.0
1518262173373	geckodriver	INFO	Listening on 127.0.0.1:59023
1518262174444	mozrunner::runner	INFO	Running command: "/usr/bin/firefox" "-marionette" "-profile" "/tmp/rust_mozprofile.bIp4XAo40lKQ"
1518262175085	Marionette	INFO	Enabled via --marionette
1518262176828	Marionette	INFO	Listening on port 35763
1518262176862	Marionette	WARN	TLS certificate errors will be ignored for this session
[GFX1-]: Receive IPC close with reason=AbnormalShutdown
[Child 8954, Chrome_ChildThread] WARNING: pipe error: Broken pipe: file /build/firefox/src/mozilla-unified/ipc/chromium/src/chrome/common/ipc_channel_posix.cc, line 709
